<?xml version="1.0" encoding="UTF-8"?>
<testsuite xmlns:xsi="http://www.w3.org/2001/XMLSchema-instance" xsi:noNamespaceSchemaLocation="https://maven.apache.org/surefire/maven-surefire-plugin/xsd/surefire-test-report-3.0.xsd" version="3.0" name="com.nt.TaskManagerSpringJavaApplicationTests" time="18.349" tests="1" errors="0" skipped="0" failures="0">
  <properties>
[...]
</properties>
  <testcase name="contextLoads" classname="com.nt.TaskManagerSpringJavaApplicationTests" time="1.836">
    <system-out><![CDATA[17:33:48.975 [main] INFO org.springframework.test.context.support.AnnotationConfigContextLoaderUtils -- Could not detect default configuration classes for test class [com.nt.TaskManagerSpringJavaApplicationTests]: TaskManagerSpringJavaApplicationTests does not declare any static, non-private, non-final, nested classes annotated with @Configuration.
17:33:49.285 [main] INFO org.springframework.boot.test.context.SpringBootTestContextBootstrapper -- Found @SpringBootConfiguration com.nt.TaskManagerSpringJavaApplication for test class com.nt.TaskManagerSpringJavaApplicationTests

  .   ____          _            __ _ _
 /\\ / ___'_ __ _ _(_)_ __  __ _ \ \ \ \
( ( )\___ | '_ | '_| | '_ \/ _` | \ \ \ \
 \\/  ___)| |_)| | | | | || (_| |  ) ) ) )
  '  |____| .__|_| |_|_| |_\__, | / / / /
 =========|_|==============|___/=/_/_/_/
 :: Spring Boot ::       (v3.2.6-SNAPSHOT)

2024-05-31T17:33:50.873+05:30  INFO 8084 --- [           main] .n.TaskManagerSpringJavaApplicationTests : Starting TaskManagerSpringJavaApplicationTests using Java 17.0.10 with PID 8084 (started by ShubhamBorkute in D:\Spring_Boot\TaskManager-Spring_Java2)
2024-05-31T17:33:50.882+05:30  INFO 8084 --- [           main] .n.TaskManagerSpringJavaApplicationTests : No active profile set, falling back to 1 default profile: "default"
2024-05-31T17:33:53.328+05:30  INFO 8084 --- [           main] .s.d.r.c.RepositoryConfigurationDelegate : Bootstrapping Spring Data JPA repositories in DEFAULT mode.
2024-05-31T17:33:53.642+05:30  INFO 8084 --- [           main] .s.d.r.c.RepositoryConfigurationDelegate : Finished Spring Data repository scanning in 283 ms. Found 1 JPA repository interface.
2024-05-31T17:33:55.086+05:30  WARN 8084 --- [           main] trationDelegate$BeanPostProcessorChecker : Bean 'org.springframework.ws.config.annotation.DelegatingWsConfiguration' of type [org.springframework.ws.config.annotation.DelegatingWsConfiguration$$SpringCGLIB$$0] is not eligible for getting processed by all BeanPostProcessors (for example: not eligible for auto-proxying). The currently created BeanPostProcessor [annotationActionEndpointMapping] is declared through a non-static factory method on that class; consider declaring it as static instead.
2024-05-31T17:33:55.394+05:30  INFO 8084 --- [           main] .w.s.a.s.AnnotationActionEndpointMapping : Supporting [WS-Addressing August 2004, WS-Addressing 1.0]
2024-05-31T17:33:56.575+05:30  INFO 8084 --- [           main] o.hibernate.jpa.internal.util.LogHelper  : HHH000204: Processing PersistenceUnitInfo [name: default]
2024-05-31T17:33:56.986+05:30  INFO 8084 --- [           main] org.hibernate.Version                    : HHH000412: Hibernate ORM core version 6.4.8.Final
2024-05-31T17:33:57.179+05:30  INFO 8084 --- [           main] o.h.c.internal.RegionFactoryInitiator    : HHH000026: Second-level cache disabled
2024-05-31T17:33:58.213+05:30  INFO 8084 --- [           main] o.s.o.j.p.SpringPersistenceUnitInfo      : No LoadTimeWeaver setup: ignoring JPA class transformer
2024-05-31T17:33:58.608+05:30  INFO 8084 --- [           main] com.zaxxer.hikari.HikariDataSource       : HikariPool-1 - Starting...
2024-05-31T17:33:59.406+05:30  INFO 8084 --- [           main] com.zaxxer.hikari.pool.HikariPool        : HikariPool-1 - Added connection com.mysql.cj.jdbc.ConnectionImpl@2c9cafa5
2024-05-31T17:33:59.413+05:30  INFO 8084 --- [           main] com.zaxxer.hikari.HikariDataSource       : HikariPool-1 - Start completed.
2024-05-31T17:33:59.675+05:30  WARN 8084 --- [           main] org.hibernate.dialect.Dialect            : HHH000511: The 5.5.27 version for [org.hibernate.dialect.MySQLDialect] is no longer supported, hence certain features may not work properly. The minimum supported version is 8.0.0. Check the community dialects project for available legacy versions.
2024-05-31T17:34:02.302+05:30  INFO 8084 --- [           main] o.h.e.t.j.p.i.JtaPlatformInitiator       : HHH000489: No JTA platform available (set 'hibernate.transaction.jta.platform' to enable JTA platform integration)
2024-05-31T17:34:02.499+05:30  INFO 8084 --- [           main] j.LocalContainerEntityManagerFactoryBean : Initialized JPA EntityManagerFactory for persistence unit 'default'
2024-05-31T17:34:03.548+05:30  WARN 8084 --- [           main] JpaBaseConfiguration$JpaWebConfiguration : spring.jpa.open-in-view is enabled by default. Therefore, database queries may be performed during view rendering. Explicitly configure spring.jpa.open-in-view to disable this warning
2024-05-31T17:34:04.784+05:30  INFO 8084 --- [           main] .n.TaskManagerSpringJavaApplicationTests : Started TaskManagerSpringJavaApplicationTests in 14.924 seconds (process running for 19.672)
]]></system-out>
  </testcase>
</testsuite>